c:\users\asus\documents\projekty\pg1_vsb\pg1_template_embree_vs2017\src\pg\pg1_embree\x64\release\pg1_embree.pch
c:\users\asus\documents\projekty\pg1_vsb\pg1_template_embree_vs2017\src\pg\pg1_embree\x64\release\vc141.pdb
c:\users\asus\documents\projekty\pg1_vsb\pg1_template_embree_vs2017\src\pg\pg1_embree\x64\release\stdafx.obj
c:\users\asus\documents\projekty\pg1_vsb\pg1_template_embree_vs2017\src\pg\pg1_embree\x64\release\utils.obj
c:\users\asus\documents\projekty\pg1_vsb\pg1_template_embree_vs2017\src\pg\pg1_embree\x64\release\tutorials.obj
c:\users\asus\documents\projekty\pg1_vsb\pg1_template_embree_vs2017\src\pg\pg1_embree\x64\release\triangle.obj
c:\users\asus\documents\projekty\pg1_vsb\pg1_template_embree_vs2017\src\pg\pg1_embree\x64\release\texture.obj
c:\users\asus\documents\projekty\pg1_vsb\pg1_template_embree_vs2017\src\pg\pg1_embree\x64\release\surface.obj
c:\users\asus\documents\projekty\pg1_vsb\pg1_template_embree_vs2017\src\pg\pg1_embree\x64\release\structs.obj
c:\users\asus\documents\projekty\pg1_vsb\pg1_template_embree_vs2017\src\pg\pg1_embree\x64\release\sphericalbackground.obj
c:\users\asus\documents\projekty\pg1_vsb\pg1_template_embree_vs2017\src\pg\pg1_embree\x64\release\simpleguidx11.obj
c:\users\asus\documents\projekty\pg1_vsb\pg1_template_embree_vs2017\src\pg\pg1_embree\x64\release\pg1_embree.obj
c:\users\asus\documents\projekty\pg1_vsb\pg1_template_embree_vs2017\src\pg\pg1_embree\x64\release\objloader.obj
c:\users\asus\documents\projekty\pg1_vsb\pg1_template_embree_vs2017\src\pg\pg1_embree\x64\release\mymath.obj
c:\users\asus\documents\projekty\pg1_vsb\pg1_template_embree_vs2017\src\pg\pg1_embree\x64\release\matrix3x3.obj
c:\users\asus\documents\projekty\pg1_vsb\pg1_template_embree_vs2017\src\pg\pg1_embree\x64\release\material.obj
c:\users\asus\documents\projekty\pg1_vsb\pg1_template_embree_vs2017\src\pg\pg1_embree\x64\release\camera.obj
c:\users\asus\documents\projekty\pg1_vsb\pg1_template_embree_vs2017\src\pg\pg1_embree\x64\release\imgui_impl_win32.obj
c:\users\asus\documents\projekty\pg1_vsb\pg1_template_embree_vs2017\src\pg\pg1_embree\x64\release\imgui_impl_dx11.obj
c:\users\asus\documents\projekty\pg1_vsb\pg1_template_embree_vs2017\src\pg\pg1_embree\x64\release\imgui_draw.obj
c:\users\asus\documents\projekty\pg1_vsb\pg1_template_embree_vs2017\src\pg\pg1_embree\x64\release\imgui_demo.obj
c:\users\asus\documents\projekty\pg1_vsb\pg1_template_embree_vs2017\src\pg\pg1_embree\x64\release\imgui.obj
c:\users\asus\documents\projekty\pg1_vsb\pg1_template_embree_vs2017\src\pg\pg1_embree\x64\release\vertex.obj
c:\users\asus\documents\projekty\pg1_vsb\pg1_template_embree_vs2017\src\pg\pg1_embree\x64\release\vector3.obj
c:\users\asus\documents\projekty\pg1_vsb\pg1_template_embree_vs2017\src\pg\pg1_embree\x64\release\raytracer.obj
c:\users\asus\documents\projekty\pg1_vsb\pg1_template_embree_vs2017\src\pg\pg1_embree\x64\release\background.obj
c:\users\asus\documents\projekty\pg1_vsb\pg1_template_embree_vs2017\src\pg\x64\release\pg1_embree.exe
c:\users\asus\documents\projekty\pg1_vsb\pg1_template_embree_vs2017\src\pg\x64\release\pg1_embree.pdb
c:\users\asus\documents\projekty\pg1_vsb\pg1_template_embree_vs2017\src\pg\x64\release\pg1_embree.ipdb
c:\users\asus\documents\projekty\pg1_vsb\pg1_template_embree_vs2017\src\pg\x64\release\pg1_embree.iobj
c:\users\asus\documents\projekty\pg1_vsb\pg1_template_embree_vs2017\src\pg\pg1_embree\x64\release\pg1_embree.tlog\cl.command.1.tlog
c:\users\asus\documents\projekty\pg1_vsb\pg1_template_embree_vs2017\src\pg\pg1_embree\x64\release\pg1_embree.tlog\cl.read.1.tlog
c:\users\asus\documents\projekty\pg1_vsb\pg1_template_embree_vs2017\src\pg\pg1_embree\x64\release\pg1_embree.tlog\cl.write.1.tlog
c:\users\asus\documents\projekty\pg1_vsb\pg1_template_embree_vs2017\src\pg\pg1_embree\x64\release\pg1_embree.tlog\link.command.1.tlog
c:\users\asus\documents\projekty\pg1_vsb\pg1_template_embree_vs2017\src\pg\pg1_embree\x64\release\pg1_embree.tlog\link.read.1.tlog
c:\users\asus\documents\projekty\pg1_vsb\pg1_template_embree_vs2017\src\pg\pg1_embree\x64\release\pg1_embree.tlog\link.write.1.tlog
c:\users\asus\documents\projekty\pg1_vsb\pg1_template_embree_vs2017\src\pg\pg1_embree\x64\release\pg1_embree.tlog\pg1_embree.write.1u.tlog
